# JRE version: Java(TM) SE Runtime Environment (8.0_25-b18) (build 1.8.0_25-b18)
# Java VM: Java HotSpot(TM) 64-Bit Server VM (25.25-b02 mixed mode windows-amd64 compressed oops)
Heap:
 PSYoungGen      total 258048K, used 40852K [0x00000000eb600000, 0x00000000fb900000, 0x0000000100000000)
  eden space 250880K, 16% used [0x00000000eb600000,0x00000000edd6d230,0x00000000fab00000)
  from space 7168K, 6% used [0x00000000fb200000,0x00000000fb278000,0x00000000fb900000)
  to   space 7168K, 0% used [0x00000000fab00000,0x00000000fab00000,0x00000000fb200000)
 ParOldGen       total 42496K, used 8865K [0x00000000c2200000, 0x00000000c4b80000, 0x00000000eb600000)
  object space 42496K, 20% used [0x00000000c2200000,0x00000000c2aa87c0,0x00000000c4b80000)
 Metaspace       used 7006K, capacity 7079K, committed 7168K, reserved 1056768K
  class space    used 685K, capacity 726K, committed 768K, reserved 1048576K
GC Heap History (10 events):
Event: 3.720 GC heap before
{Heap before GC invocations=10 (full 0):
 PSYoungGen      total 67072K, used 66467K [0x00000000eb600000, 0x00000000f2200000, 0x0000000100000000)
  eden space 61952K, 100% used [0x00000000eb600000,0x00000000ef280000,0x00000000ef280000)
  from space 5120K, 88% used [0x00000000ef280000,0x00000000ef6e8f58,0x00000000ef780000)
  to   space 5632K, 0% used [0x00000000f1c80000,0x00000000f1c80000,0x00000000f2200000)
 ParOldGen       total 42496K, used 3355K [0x00000000c2200000, 0x00000000c4b80000, 0x00000000eb600000)
  object space 42496K, 7% used [0x00000000c2200000,0x00000000c2546d78,0x00000000c4b80000)
 Metaspace       used 5103K, capacity 5879K, committed 6016K, reserved 1056768K
  class space    used 489K, capacity 528K, committed 640K, reserved 1048576K
Event: 3.731 GC heap after
Heap after GC invocations=10 (full 0):
 PSYoungGen      total 103424K, used 5627K [0x00000000eb600000, 0x00000000f2500000, 0x0000000100000000)
  eden space 97792K, 0% used [0x00000000eb600000,0x00000000eb600000,0x00000000f1580000)
  from space 5632K, 99% used [0x00000000f1c80000,0x00000000f21fee30,0x00000000f2200000)
  to   space 7168K, 0% used [0x00000000f1580000,0x00000000f1580000,0x00000000f1c80000)
 ParOldGen       total 42496K, used 5716K [0x00000000c2200000, 0x00000000c4b80000, 0x00000000eb600000)
  object space 42496K, 13% used [0x00000000c2200000,0x00000000c2795298,0x00000000c4b80000)
 Metaspace       used 5103K, capacity 5879K, committed 6016K, reserved 1056768K
  class space    used 489K, capacity 528K, committed 640K, reserved 1048576K
}
Event: 5.816 GC heap before
{Heap before GC invocations=11 (full 0):
 PSYoungGen      total 103424K, used 103419K [0x00000000eb600000, 0x00000000f2500000, 0x0000000100000000)
  eden space 97792K, 100% used [0x00000000eb600000,0x00000000f1580000,0x00000000f1580000)
  from space 5632K, 99% used [0x00000000f1c80000,0x00000000f21fee30,0x00000000f2200000)
  to   space 7168K, 0% used [0x00000000f1580000,0x00000000f1580000,0x00000000f1c80000)
 ParOldGen       total 42496K, used 5716K [0x00000000c2200000, 0x00000000c4b80000, 0x00000000eb600000)
  object space 42496K, 13% used [0x00000000c2200000,0x00000000c2795298,0x00000000c4b80000)
 Metaspace       used 5109K, capacity 5879K, committed 6016K, reserved 1056768K
  class space    used 489K, capacity 528K, committed 640K, reserved 1048576K
Event: 5.820 GC heap after
Heap after GC invocations=11 (full 0):
 PSYoungGen      total 104960K, used 809K [0x00000000eb600000, 0x00000000f5d00000, 0x0000000100000000)
  eden space 97792K, 0% used [0x00000000eb600000,0x00000000eb600000,0x00000000f1580000)
  from space 7168K, 11% used [0x00000000f1580000,0x00000000f164a690,0x00000000f1c80000)
  to   space 7168K, 0% used [0x00000000f5600000,0x00000000f5600000,0x00000000f5d00000)
 ParOldGen       total 42496K, used 7053K [0x00000000c2200000, 0x00000000c4b80000, 0x00000000eb600000)
  object space 42496K, 16% used [0x00000000c2200000,0x00000000c28e37b0,0x00000000c4b80000)
 Metaspace       used 5109K, capacity 5879K, committed 6016K, reserved 1056768K
  class space    used 489K, capacity 528K, committed 640K, reserved 1048576K
}
Event: 15.328 GC heap before
{Heap before GC invocations=12 (full 0):
 PSYoungGen      total 104960K, used 98601K [0x00000000eb600000, 0x00000000f5d00000, 0x0000000100000000)
  eden space 97792K, 100% used [0x00000000eb600000,0x00000000f1580000,0x00000000f1580000)
  from space 7168K, 11% used [0x00000000f1580000,0x00000000f164a690,0x00000000f1c80000)
  to   space 7168K, 0% used [0x00000000f5600000,0x00000000f5600000,0x00000000f5d00000)
 ParOldGen       total 42496K, used 7053K [0x00000000c2200000, 0x00000000c4b80000, 0x00000000eb600000)
  object space 42496K, 16% used [0x00000000c2200000,0x00000000c28e37b0,0x00000000c4b80000)
 Metaspace       used 6795K, capacity 6951K, committed 7168K, reserved 1056768K
  class space    used 679K, capacity 726K, committed 768K, reserved 1048576K
Event: 15.331 GC heap after
Heap after GC invocations=12 (full 0):
 PSYoungGen      total 163840K, used 2088K [0x00000000eb600000, 0x00000000f5d00000, 0x0000000100000000)
  eden space 156672K, 0% used [0x00000000eb600000,0x00000000eb600000,0x00000000f4f00000)
  from space 7168K, 29% used [0x00000000f5600000,0x00000000f580a1b8,0x00000000f5d00000)
  to   space 7168K, 0% used [0x00000000f4f00000,0x00000000f4f00000,0x00000000f5600000)
 ParOldGen       total 42496K, used 7085K [0x00000000c2200000, 0x00000000c4b80000, 0x00000000eb600000)
  object space 42496K, 16% used [0x00000000c2200000,0x00000000c28eb7b0,0x00000000c4b80000)
 Metaspace       used 6795K, capacity 6951K, committed 7168K, reserved 1056768K
  class space    used 679K, capacity 726K, committed 768K, reserved 1048576K
}
Event: 18.610 GC heap before
{Heap before GC invocations=13 (full 0):
 PSYoungGen      total 163840K, used 158760K [0x00000000eb600000, 0x00000000f5d00000, 0x0000000100000000)
  eden space 156672K, 100% used [0x00000000eb600000,0x00000000f4f00000,0x00000000f4f00000)
  from space 7168K, 29% used [0x00000000f5600000,0x00000000f580a1b8,0x00000000f5d00000)
  to   space 7168K, 0% used [0x00000000f4f00000,0x00000000f4f00000,0x00000000f5600000)
 ParOldGen       total 42496K, used 7085K [0x00000000c2200000, 0x00000000c4b80000, 0x00000000eb600000)
  object space 42496K, 16% used [0x00000000c2200000,0x00000000c28eb7b0,0x00000000c4b80000)
 Metaspace       used 6811K, capacity 6951K, committed 7168K, reserved 1056768K
  class space    used 679K, capacity 726K, committed 768K, reserved 1048576K
Event: 18.712 GC heap after
Heap after GC invocations=13 (full 0):
 PSYoungGen      total 163840K, used 637K [0x00000000eb600000, 0x00000000fb900000, 0x0000000100000000)
  eden space 156672K, 0% used [0x00000000eb600000,0x00000000eb600000,0x00000000f4f00000)
  from space 7168K, 8% used [0x00000000f4f00000,0x00000000f4f9f420,0x00000000f5600000)
  to   space 7168K, 0% used [0x00000000fb200000,0x00000000fb200000,0x00000000fb900000)
 ParOldGen       total 42496K, used 8833K [0x00000000c2200000, 0x00000000c4b80000, 0x00000000eb600000)
  object space 42496K, 20% used [0x00000000c2200000,0x00000000c2aa07c0,0x00000000c4b80000)
 Metaspace       used 6811K, capacity 6951K, committed 7168K, reserved 1056768K
  class space    used 679K, capacity 726K, committed 768K, reserved 1048576K
}
Event: 32.520 GC heap before
{Heap before GC invocations=14 (full 0):
 PSYoungGen      total 163840K, used 157309K [0x00000000eb600000, 0x00000000fb900000, 0x0000000100000000)
  eden space 156672K, 100% used [0x00000000eb600000,0x00000000f4f00000,0x00000000f4f00000)
  from space 7168K, 8% used [0x00000000f4f00000,0x00000000f4f9f420,0x00000000f5600000)
  to   space 7168K, 0% used [0x00000000fb200000,0x00000000fb200000,0x00000000fb900000)
 ParOldGen       total 42496K, used 8833K [0x00000000c2200000, 0x00000000c4b80000, 0x00000000eb600000)
  object space 42496K, 20% used [0x00000000c2200000,0x00000000c2aa07c0,0x00000000c4b80000)
 Metaspace       used 6877K, capacity 7015K, committed 7168K, reserved 1056768K
  class space    used 683K, capacity 726K, committed 768K, reserved 1048576K
Event: 32.522 GC heap after
Heap after GC invocations=14 (full 0):
 PSYoungGen      total 258048K, used 480K [0x00000000eb600000, 0x00000000fb900000, 0x0000000100000000)
  eden space 250880K, 0% used [0x00000000eb600000,0x00000000eb600000,0x00000000fab00000)
  from space 7168K, 6% used [0x00000000fb200000,0x00000000fb278000,0x00000000fb900000)
  to   space 7168K, 0% used [0x00000000fab00000,0x00000000fab00000,0x00000000fb200000)
 ParOldGen       total 42496K, used 8865K [0x00000000c2200000, 0x00000000c4b80000, 0x00000000eb600000)
  object space 42496K, 20% used [0x00000000c2200000,0x00000000c2aa87c0,0x00000000c4b80000)
 Metaspace       used 6877K, capacity 7015K, committed 7168K, reserved 1056768K
  class space    used 683K, capacity 726K, committed 768K, reserved 1048576K
}

